SF:lib/linear_gauge/linear_gauge.dart
DA:23,5
DA:42,10
DA:44,5
DA:45,10
DA:46,6
DA:47,0
DA:51,0
DA:56,6
DA:57,6
DA:58,0
DA:62,0
DA:69,5
DA:70,5
DA:330,4
DA:331,4
DA:338,4
DA:340,4
DA:341,4
DA:342,4
DA:343,12
DA:344,8
DA:345,8
DA:347,8
DA:350,4
DA:352,8
DA:353,0
DA:354,0
DA:355,0
DA:356,0
DA:357,0
DA:358,0
DA:362,4
DA:363,4
DA:367,4
DA:369,8
DA:370,4
DA:378,4
DA:380,4
DA:382,4
DA:383,8
DA:384,8
DA:385,8
DA:386,8
DA:387,8
DA:388,12
DA:389,12
DA:390,12
DA:391,12
DA:392,8
DA:393,12
DA:394,12
DA:395,8
DA:396,12
DA:398,12
DA:400,12
DA:401,12
DA:402,12
DA:403,12
DA:404,12
DA:405,12
DA:406,12
DA:407,8
DA:408,8
DA:409,8
DA:410,8
DA:411,12
DA:412,8
DA:413,8
DA:414,12
DA:415,8
DA:416,4
DA:417,12
DA:418,8
DA:421,3
DA:425,9
DA:426,9
DA:427,9
DA:428,12
DA:429,12
DA:430,12
DA:431,12
DA:432,12
DA:433,12
DA:434,9
DA:435,9
DA:436,9
DA:437,9
DA:438,12
DA:439,12
DA:440,3
DA:441,9
DA:442,3
DA:443,9
DA:444,12
DA:445,12
DA:446,12
DA:447,12
DA:448,12
DA:449,9
DA:450,9
DA:451,9
DA:452,12
DA:453,9
DA:454,9
DA:455,12
DA:456,9
DA:457,6
DA:458,12
DA:459,9
LF:109
LH:99
end_of_record
SF:lib/linear_gauge/styles/linear_gauge_container_style.dart
DA:9,11
LF:1
LH:1
end_of_record
SF:lib/linear_gauge/styles/linear_gauge_ruler_style.dart
DA:5,8
LF:1
LH:1
end_of_record
SF:lib/linear_gauge/pointers/linear_gauge_pointer.dart
DA:29,7
DA:175,4
DA:178,1
DA:186,2
DA:187,2
DA:188,2
DA:189,2
DA:190,0
DA:191,0
DA:194,2
DA:195,2
DA:196,2
DA:197,0
DA:198,0
DA:202,1
DA:203,1
DA:204,1
DA:205,2
DA:206,1
DA:207,1
DA:210,1
DA:213,3
DA:214,2
DA:215,3
DA:216,3
DA:217,2
DA:218,3
DA:221,5
DA:224,1
DA:225,1
DA:226,2
DA:227,4
DA:228,4
DA:231,1
DA:233,1
DA:235,1
DA:236,1
DA:238,1
DA:239,1
DA:241,1
DA:242,1
DA:248,1
DA:249,1
DA:255,1
DA:256,1
DA:259,1
DA:267,1
DA:274,1
DA:275,1
DA:277,1
DA:282,2
DA:284,3
DA:285,1
DA:287,1
DA:288,2
DA:289,0
DA:290,0
DA:291,0
DA:292,0
DA:294,0
DA:295,0
DA:298,0
DA:301,0
DA:302,0
DA:303,0
DA:305,0
DA:306,0
DA:309,0
DA:313,0
DA:314,0
DA:316,0
DA:318,0
DA:319,0
DA:320,0
DA:321,0
DA:322,0
DA:327,0
DA:329,0
DA:330,0
DA:333,0
DA:334,0
DA:337,0
DA:338,0
DA:341,0
DA:342,0
DA:349,2
DA:350,2
DA:352,1
DA:353,1
DA:354,1
DA:356,0
DA:357,3
DA:358,5
DA:360,0
DA:362,0
DA:364,0
DA:365,0
DA:366,0
DA:367,0
DA:368,0
DA:370,0
DA:372,0
DA:374,0
DA:375,0
DA:381,1
DA:382,1
DA:383,1
DA:384,3
DA:385,1
DA:386,3
DA:387,3
DA:388,5
DA:389,1
DA:390,1
DA:394,1
DA:399,1
DA:400,1
DA:401,1
DA:403,1
DA:404,1
DA:405,7
DA:406,1
DA:408,1
DA:409,6
DA:410,1
DA:412,1
DA:413,1
DA:414,5
DA:415,5
DA:416,1
DA:418,1
DA:419,6
DA:420,1
DA:422,1
DA:423,7
DA:424,1
DA:431,1
DA:432,3
DA:433,3
DA:434,2
DA:436,1
DA:437,1
DA:439,2
DA:440,6
DA:441,6
DA:443,1
DA:445,2
DA:446,6
DA:447,6
DA:454,3
DA:458,1
DA:460,1
DA:461,1
DA:462,1
DA:463,1
DA:464,1
DA:465,7
DA:466,1
DA:468,1
DA:469,6
DA:470,1
DA:472,1
DA:473,1
DA:474,5
DA:475,5
DA:476,1
DA:478,1
DA:479,6
DA:480,1
DA:482,1
DA:483,7
DA:484,1
DA:491,1
DA:492,3
DA:493,3
DA:495,1
DA:496,1
DA:498,2
DA:499,6
DA:500,0
DA:502,1
DA:504,2
DA:505,6
DA:506,6
DA:513,3
DA:515,1
DA:519,1
DA:521,1
DA:522,1
DA:523,1
DA:525,1
DA:526,1
DA:527,4
DA:528,1
DA:530,1
DA:531,3
DA:532,1
DA:534,1
DA:535,1
DA:536,8
DA:537,8
DA:539,1
DA:540,1
DA:542,1
DA:543,1
DA:545,1
DA:546,4
DA:547,1
DA:554,1
DA:558,1
DA:560,1
DA:561,2
DA:562,2
DA:567,1
DA:568,1
DA:569,2
DA:570,2
DA:572,0
DA:575,1
DA:576,2
DA:577,2
DA:578,4
DA:585,1
DA:586,2
DA:587,5
DA:588,5
DA:589,1
DA:593,2
DA:594,2
DA:595,2
DA:596,2
DA:597,0
DA:598,2
DA:599,2
DA:600,2
DA:601,1
DA:605,1
DA:607,2
DA:608,3
DA:609,5
DA:610,1
DA:612,1
DA:616,1
DA:621,1
DA:622,1
DA:623,1
DA:624,1
DA:625,1
DA:626,7
DA:627,1
DA:629,1
DA:630,6
DA:631,1
DA:633,1
DA:634,1
DA:635,5
DA:636,5
DA:638,1
DA:640,1
DA:641,6
DA:642,1
DA:644,1
DA:645,7
DA:646,1
DA:669,1
DA:675,1
DA:677,1
DA:678,2
DA:679,1
DA:681,1
DA:682,1
DA:683,2
DA:684,3
DA:685,6
DA:687,1
DA:688,2
DA:689,3
DA:690,0
DA:697,1
DA:698,5
DA:699,5
DA:700,5
DA:701,5
DA:702,1
DA:704,1
DA:708,0
DA:713,0
DA:714,0
DA:715,0
DA:716,0
DA:717,0
DA:718,0
DA:719,0
DA:720,0
DA:722,0
DA:723,0
DA:726,0
DA:727,0
DA:728,0
DA:729,0
DA:730,0
DA:731,0
DA:733,0
DA:734,0
DA:735,0
DA:736,0
DA:738,0
DA:741,1
DA:742,1
DA:743,1
DA:745,0
DA:747,0
DA:749,0
LF:313
LH:238
end_of_record
SF:lib/linear_gauge/range_linear_gauge/range_linear_gauge.dart
DA:16,0
LF:1
LH:0
end_of_record
SF:lib/linear_gauge/custom_label/custom_ruler_label.dart
DA:17,0
LF:1
LH:0
end_of_record
SF:lib/linear_gauge/value_bar/value_bar.dart
DA:25,1
DA:117,1
DA:119,6
DA:123,1
DA:125,1
DA:126,1
DA:129,5
DA:130,3
DA:132,5
DA:133,3
DA:135,1
DA:136,0
DA:139,1
DA:140,1
DA:141,1
DA:142,2
DA:145,1
DA:148,2
DA:149,1
DA:153,1
DA:154,1
DA:155,1
DA:157,4
DA:159,2
DA:160,3
DA:161,1
DA:165,1
DA:166,2
DA:167,1
DA:168,1
DA:170,1
DA:172,1
DA:173,4
DA:174,2
DA:175,1
DA:176,2
DA:180,1
DA:184,1
DA:187,1
DA:189,1
DA:190,2
DA:191,1
DA:192,1
DA:193,1
DA:194,2
DA:195,1
DA:196,1
LF:47
LH:46
end_of_record
SF:lib/linear_gauge/linear_gauge_painter.dart
DA:11,4
DA:46,8
DA:62,4
DA:89,8
DA:91,3
DA:92,6
DA:93,0
DA:94,0
DA:100,8
DA:102,3
DA:103,6
DA:104,0
DA:105,0
DA:111,8
DA:113,3
DA:114,6
DA:115,0
DA:116,0
DA:122,8
DA:124,3
DA:125,6
DA:127,0
DA:128,0
DA:134,8
DA:136,3
DA:137,6
DA:139,0
DA:140,0
DA:146,8
DA:149,3
DA:150,6
DA:152,0
DA:153,0
DA:159,8
DA:161,3
DA:162,6
DA:164,0
DA:165,0
DA:171,8
DA:173,3
DA:174,6
DA:176,0
DA:177,0
DA:183,8
DA:187,3
DA:188,6
DA:190,0
DA:191,0
DA:198,8
DA:202,3
DA:203,6
DA:205,0
DA:206,0
DA:212,8
DA:214,3
DA:215,6
DA:217,0
DA:218,0
DA:224,8
DA:227,3
DA:228,3
DA:230,3
DA:236,8
DA:239,3
DA:240,6
DA:242,0
DA:243,0
DA:249,8
DA:252,3
DA:253,6
DA:254,0
DA:255,0
DA:261,8
DA:264,3
DA:265,6
DA:266,0
DA:267,0
DA:273,4
DA:274,4
DA:277,0
DA:278,0
DA:279,0
DA:280,0
DA:286,8
DA:289,3
DA:290,6
DA:293,0
DA:294,0
DA:300,8
DA:302,3
DA:303,6
DA:306,0
DA:307,0
DA:310,4
DA:311,4
DA:313,3
DA:314,6
DA:317,0
DA:318,0
DA:321,8
DA:323,3
DA:324,6
DA:327,0
DA:328,0
DA:331,8
DA:333,3
DA:334,6
DA:335,0
DA:336,0
DA:339,8
DA:341,3
DA:342,6
DA:343,0
DA:344,0
DA:347,8
DA:349,3
DA:350,6
DA:351,0
DA:352,0
DA:355,8
DA:357,3
DA:358,6
DA:359,0
DA:360,0
DA:363,8
DA:365,3
DA:366,6
DA:367,0
DA:368,0
DA:374,8
DA:376,3
DA:377,6
DA:378,0
DA:379,0
DA:382,8
DA:384,3
DA:385,6
DA:386,0
DA:387,0
DA:394,8
DA:396,3
DA:397,6
DA:398,0
DA:399,0
DA:406,8
DA:408,3
DA:409,6
DA:410,0
DA:411,0
DA:414,0
DA:415,0
DA:421,0
DA:423,3
DA:424,6
DA:425,0
DA:426,0
DA:432,8
DA:434,3
DA:435,6
DA:436,0
DA:437,0
DA:443,8
DA:445,3
DA:446,6
DA:447,0
DA:448,0
DA:454,8
DA:456,3
DA:457,6
DA:458,0
DA:459,0
DA:465,8
DA:467,3
DA:468,6
DA:469,0
DA:470,0
DA:483,4
DA:484,8
DA:485,8
DA:486,12
DA:487,9
DA:488,7
DA:489,20
DA:490,4
DA:492,20
DA:494,8
DA:495,4
DA:497,20
DA:503,8
DA:504,8
DA:505,4
DA:506,4
DA:509,0
DA:510,0
DA:511,0
DA:514,12
DA:515,4
DA:516,4
DA:517,12
DA:518,6
DA:520,12
DA:521,4
DA:522,4
DA:523,12
DA:524,6
DA:526,8
DA:527,4
DA:528,4
DA:529,4
DA:530,4
DA:531,4
DA:532,4
DA:533,4
DA:534,8
DA:535,4
DA:536,4
DA:537,4
DA:541,4
DA:547,4
DA:552,4
DA:553,12
DA:554,0
DA:555,0
DA:556,0
DA:560,8
DA:563,4
DA:565,4
DA:566,8
DA:567,8
DA:568,8
DA:569,8
DA:570,8
DA:571,8
DA:572,8
DA:573,8
DA:574,8
DA:575,8
DA:576,8
DA:577,8
DA:578,8
DA:579,8
DA:580,8
DA:581,8
DA:582,8
DA:583,8
DA:584,8
DA:585,8
DA:589,4
DA:590,4
DA:591,4
DA:592,4
DA:594,12
DA:596,12
DA:601,4
DA:602,4
DA:603,0
DA:604,0
DA:605,0
DA:606,0
DA:607,0
DA:608,0
DA:612,4
DA:613,6
DA:615,9
DA:616,3
DA:617,15
DA:618,21
DA:622,9
DA:623,3
DA:624,21
DA:625,15
DA:629,2
DA:631,6
DA:632,2
DA:633,10
DA:634,14
DA:637,1
DA:639,3
DA:640,1
DA:641,3
DA:642,4
DA:643,5
DA:646,0
DA:648,0
DA:649,0
DA:650,0
DA:651,0
DA:652,0
DA:653,0
DA:654,0
DA:659,4
DA:665,4
DA:666,8
DA:667,0
DA:669,0
DA:677,4
DA:679,4
DA:680,8
DA:681,8
DA:682,16
DA:683,16
DA:685,6
DA:686,12
DA:687,12
DA:690,8
DA:691,8
DA:692,16
DA:693,4
DA:694,6
DA:695,12
DA:696,3
DA:698,0
DA:699,0
DA:700,0
DA:701,0
DA:705,8
DA:706,4
DA:708,4
DA:710,4
DA:713,3
DA:714,3
DA:716,3
DA:724,12
DA:728,32
DA:730,4
DA:731,0
DA:735,4
DA:736,4
DA:738,8
DA:739,4
DA:741,0
DA:743,0
DA:744,0
DA:747,8
DA:748,0
DA:749,0
DA:751,0
DA:753,0
DA:755,0
DA:757,0
DA:758,0
DA:759,0
DA:760,0
DA:761,0
DA:762,0
DA:765,0
DA:766,0
DA:767,0
DA:768,0
DA:769,0
DA:773,0
DA:774,0
DA:775,0
DA:776,0
DA:778,0
DA:779,0
DA:781,0
DA:783,0
DA:786,8
DA:788,12
DA:789,8
DA:790,4
DA:791,6
DA:792,4
DA:793,6
DA:794,4
DA:797,3
DA:798,3
DA:799,6
DA:800,3
DA:801,6
DA:805,8
DA:806,0
DA:807,0
DA:808,0
DA:812,4
DA:814,4
DA:818,13
DA:819,3
DA:829,12
DA:831,0
DA:832,0
DA:837,0
DA:838,0
DA:843,0
DA:844,0
DA:845,0
DA:846,0
DA:847,0
DA:849,0
DA:851,0
DA:852,0
DA:853,0
DA:856,0
DA:857,0
DA:858,0
DA:859,0
DA:860,0
DA:861,0
DA:863,0
DA:864,0
DA:868,0
DA:869,0
DA:871,0
DA:877,4
DA:879,8
DA:880,1
DA:881,1
DA:882,0
DA:883,1
DA:890,4
DA:891,4
DA:894,16
DA:898,4
DA:900,12
DA:901,0
DA:902,0
DA:903,0
DA:904,0
DA:909,4
DA:910,4
DA:913,0
DA:914,0
DA:915,0
DA:917,4
DA:918,6
DA:921,15
DA:922,6
DA:925,3
DA:926,24
DA:928,6
DA:929,15
DA:930,3
DA:931,24
DA:934,2
DA:937,12
DA:938,4
DA:940,14
DA:942,1
DA:943,2
DA:944,2
DA:945,6
DA:947,7
DA:951,0
DA:952,0
DA:953,0
DA:954,0
DA:955,0
DA:963,4
DA:964,8
DA:966,8
DA:967,4
DA:968,20
DA:969,16
DA:971,4
DA:975,4
DA:976,8
DA:977,4
DA:979,4
DA:980,12
DA:981,4
DA:982,4
DA:983,4
DA:984,4
DA:985,4
DA:988,4
DA:989,12
DA:990,12
DA:993,4
DA:994,12
DA:995,12
DA:998,4
DA:999,12
DA:1002,4
DA:1004,12
DA:1007,4
DA:1009,8
DA:1010,3
DA:1011,4
DA:1012,8
DA:1013,4
DA:1014,3
DA:1015,4
DA:1016,4
DA:1019,4
DA:1022,4
DA:1024,4
DA:1026,4
DA:1027,12
DA:1029,4
DA:1030,4
DA:1032,4
DA:1034,8
DA:1035,3
DA:1036,6
DA:1040,4
DA:1041,4
DA:1044,4
DA:1045,4
DA:1048,8
DA:1049,2
DA:1050,4
DA:1054,12
DA:1056,4
DA:1057,8
DA:1058,6
DA:1059,8
DA:1060,8
DA:1064,28
DA:1068,20
DA:1070,4
DA:1071,8
DA:1077,13
DA:1078,3
DA:1079,3
DA:1081,1
DA:1082,1
DA:1088,4
DA:1091,0
DA:1092,0
LF:520
LH:353
end_of_record
SF:lib/linear_gauge/linear_gauge_label.dart
DA:8,4
DA:14,8
DA:18,4
DA:23,8
DA:25,8
DA:26,16
DA:30,20
DA:31,8
DA:32,0
DA:36,0
DA:39,0
DA:41,0
DA:42,0
DA:43,0
DA:50,4
DA:63,8
DA:66,4
DA:68,4
DA:69,4
DA:70,12
DA:71,8
DA:74,4
DA:75,8
DA:76,12
DA:77,8
DA:81,3
DA:82,9
DA:83,6
DA:86,3
DA:87,6
DA:88,9
DA:89,6
DA:104,0
DA:106,0
DA:107,0
DA:108,0
DA:109,0
DA:112,0
DA:113,0
DA:114,0
DA:116,0
DA:119,0
DA:120,0
DA:121,0
DA:124,0
DA:125,0
DA:126,0
DA:128,0
DA:131,0
DA:132,0
DA:133,0
DA:137,0
DA:138,0
DA:140,0
DA:141,0
DA:142,0
DA:143,0
DA:146,0
DA:147,0
DA:148,0
DA:154,16
DA:155,32
DA:156,24
DA:157,32
DA:158,24
DA:160,4
DA:161,28
DA:162,4
DA:163,4
DA:166,21
DA:167,3
DA:168,3
DA:183,4
DA:194,8
DA:195,8
DA:196,4
DA:199,8
DA:200,12
DA:201,4
DA:202,12
DA:204,12
DA:205,24
DA:206,16
DA:207,24
DA:208,16
DA:210,8
DA:215,4
DA:217,0
DA:220,0
DA:222,4
DA:223,3
DA:226,3
DA:227,15
DA:229,9
DA:233,3
DA:234,15
DA:236,9
DA:239,2
DA:242,4
DA:244,6
DA:247,1
DA:250,2
DA:252,3
DA:255,0
DA:258,0
DA:260,0
DA:265,4
DA:266,8
DA:267,0
DA:268,0
DA:269,0
DA:270,0
DA:271,0
DA:275,0
DA:279,4
DA:283,4
DA:288,4
DA:289,4
DA:290,8
DA:291,8
DA:293,20
DA:296,8
DA:298,8
LF:123
LH:78
end_of_record
