SF:lib/linear_gauge/linear_gauge_painter.dart
DA:11,2
DA:46,4
DA:62,2
DA:89,4
DA:91,1
DA:92,2
DA:93,0
DA:94,0
DA:100,4
DA:102,1
DA:103,2
DA:104,0
DA:105,0
DA:111,4
DA:113,1
DA:114,2
DA:115,0
DA:116,0
DA:122,4
DA:124,1
DA:125,2
DA:127,0
DA:128,0
DA:134,4
DA:136,1
DA:137,2
DA:139,0
DA:140,0
DA:146,4
DA:149,1
DA:150,2
DA:152,0
DA:153,0
DA:159,4
DA:161,1
DA:162,2
DA:164,0
DA:165,0
DA:171,4
DA:173,1
DA:174,2
DA:176,0
DA:177,0
DA:183,4
DA:187,1
DA:188,2
DA:190,0
DA:191,0
DA:198,4
DA:202,1
DA:203,2
DA:205,0
DA:206,0
DA:212,4
DA:214,1
DA:215,2
DA:217,0
DA:218,0
DA:224,4
DA:227,1
DA:228,1
DA:230,1
DA:236,4
DA:239,1
DA:240,2
DA:242,0
DA:243,0
DA:249,4
DA:252,1
DA:253,2
DA:254,0
DA:255,0
DA:261,4
DA:264,1
DA:265,2
DA:266,0
DA:267,0
DA:273,2
DA:274,2
DA:277,0
DA:278,0
DA:279,0
DA:280,0
DA:286,4
DA:289,1
DA:290,2
DA:293,0
DA:294,0
DA:300,4
DA:302,1
DA:303,2
DA:306,0
DA:307,0
DA:310,2
DA:311,2
DA:313,1
DA:314,2
DA:317,0
DA:318,0
DA:321,4
DA:323,1
DA:324,2
DA:327,0
DA:328,0
DA:331,4
DA:333,1
DA:334,2
DA:335,0
DA:336,0
DA:339,4
DA:341,1
DA:342,2
DA:343,0
DA:344,0
DA:347,4
DA:349,1
DA:350,2
DA:351,0
DA:352,0
DA:355,4
DA:357,1
DA:358,2
DA:359,0
DA:360,0
DA:363,4
DA:365,1
DA:366,2
DA:367,0
DA:368,0
DA:374,4
DA:376,1
DA:377,2
DA:378,0
DA:379,0
DA:382,4
DA:384,1
DA:385,2
DA:386,0
DA:387,0
DA:394,4
DA:396,1
DA:397,2
DA:398,0
DA:399,0
DA:406,4
DA:408,1
DA:409,2
DA:410,0
DA:411,0
DA:414,0
DA:415,0
DA:421,0
DA:423,1
DA:424,2
DA:425,0
DA:426,0
DA:432,4
DA:434,1
DA:435,2
DA:436,0
DA:437,0
DA:443,4
DA:445,1
DA:446,2
DA:447,0
DA:448,0
DA:454,4
DA:456,1
DA:457,2
DA:458,0
DA:459,0
DA:465,4
DA:467,1
DA:468,2
DA:469,0
DA:470,0
DA:483,2
DA:484,4
DA:485,4
DA:486,6
DA:487,3
DA:488,3
DA:489,10
DA:490,2
DA:492,10
DA:494,4
DA:495,2
DA:497,10
DA:503,4
DA:504,4
DA:505,2
DA:506,2
DA:509,0
DA:510,0
DA:511,0
DA:514,6
DA:515,2
DA:516,2
DA:517,6
DA:518,3
DA:520,6
DA:521,2
DA:522,2
DA:523,6
DA:524,3
DA:526,4
DA:527,2
DA:528,2
DA:529,2
DA:530,2
DA:531,2
DA:532,2
DA:533,2
DA:534,4
DA:535,2
DA:536,2
DA:537,2
DA:541,2
DA:547,2
DA:552,2
DA:553,6
DA:554,0
DA:555,0
DA:556,0
DA:560,4
DA:563,2
DA:565,2
DA:566,4
DA:567,4
DA:568,4
DA:569,4
DA:570,4
DA:571,4
DA:572,4
DA:573,4
DA:574,4
DA:575,4
DA:576,4
DA:577,4
DA:578,4
DA:579,4
DA:580,4
DA:581,4
DA:582,4
DA:583,4
DA:584,4
DA:585,4
DA:589,2
DA:590,2
DA:591,2
DA:592,2
DA:594,6
DA:596,6
DA:601,2
DA:602,2
DA:603,0
DA:604,0
DA:605,0
DA:606,0
DA:607,0
DA:608,0
DA:612,2
DA:613,2
DA:615,3
DA:616,1
DA:617,5
DA:618,7
DA:622,3
DA:623,1
DA:624,7
DA:625,5
DA:629,1
DA:631,3
DA:632,1
DA:633,5
DA:634,7
DA:637,0
DA:639,0
DA:640,0
DA:641,0
DA:642,0
DA:643,0
DA:646,0
DA:648,0
DA:649,0
DA:650,0
DA:651,0
DA:652,0
DA:653,0
DA:654,0
DA:659,2
DA:665,2
DA:666,4
DA:667,0
DA:669,0
DA:677,2
DA:679,2
DA:680,4
DA:681,4
DA:682,8
DA:683,8
DA:685,2
DA:686,4
DA:687,4
DA:690,4
DA:691,4
DA:692,8
DA:693,2
DA:694,2
DA:695,4
DA:696,1
DA:698,0
DA:699,0
DA:700,0
DA:701,0
DA:705,4
DA:706,2
DA:708,2
DA:710,2
DA:713,1
DA:714,1
DA:716,1
DA:724,6
DA:728,16
DA:730,2
DA:731,0
DA:735,2
DA:736,2
DA:738,4
DA:739,2
DA:741,0
DA:743,0
DA:744,0
DA:747,4
DA:748,0
DA:749,0
DA:751,0
DA:753,0
DA:755,0
DA:757,0
DA:758,0
DA:759,0
DA:760,0
DA:761,0
DA:762,0
DA:765,0
DA:766,0
DA:767,0
DA:768,0
DA:769,0
DA:773,0
DA:774,0
DA:775,0
DA:776,0
DA:778,0
DA:779,0
DA:781,0
DA:783,0
DA:786,4
DA:788,6
DA:789,4
DA:790,2
DA:791,3
DA:792,2
DA:793,3
DA:794,2
DA:797,1
DA:798,1
DA:799,2
DA:800,1
DA:801,2
DA:805,4
DA:806,0
DA:807,0
DA:808,0
DA:812,2
DA:814,2
DA:818,6
DA:819,0
DA:829,6
DA:831,0
DA:832,0
DA:837,0
DA:838,0
DA:843,0
DA:844,0
DA:845,0
DA:846,0
DA:847,0
DA:849,0
DA:851,0
DA:852,0
DA:853,0
DA:856,0
DA:857,0
DA:858,0
DA:859,0
DA:860,0
DA:861,0
DA:863,0
DA:864,0
DA:868,0
DA:869,0
DA:871,0
DA:877,2
DA:879,4
DA:880,1
DA:881,1
DA:882,0
DA:883,1
DA:890,2
DA:891,2
DA:894,8
DA:898,2
DA:900,6
DA:901,0
DA:902,0
DA:903,0
DA:904,0
DA:909,2
DA:910,2
DA:913,0
DA:914,0
DA:915,0
DA:917,2
DA:918,2
DA:921,5
DA:922,2
DA:925,1
DA:926,8
DA:928,2
DA:929,5
DA:930,1
DA:931,8
DA:934,1
DA:937,6
DA:938,2
DA:940,7
DA:942,0
DA:943,0
DA:944,0
DA:945,0
DA:947,0
DA:951,0
DA:952,0
DA:953,0
DA:954,0
DA:955,0
DA:963,2
DA:964,4
DA:966,4
DA:967,2
DA:968,10
DA:969,8
DA:971,2
DA:975,2
DA:976,4
DA:977,2
DA:979,2
DA:980,6
DA:981,2
DA:982,2
DA:983,2
DA:984,2
DA:985,2
DA:988,2
DA:989,6
DA:990,6
DA:993,2
DA:994,6
DA:995,6
DA:998,2
DA:999,6
DA:1002,2
DA:1004,6
DA:1007,2
DA:1009,4
DA:1010,1
DA:1011,2
DA:1012,4
DA:1013,2
DA:1014,1
DA:1015,2
DA:1016,2
DA:1019,2
DA:1022,2
DA:1024,2
DA:1026,2
DA:1027,6
DA:1029,2
DA:1030,2
DA:1032,2
DA:1034,4
DA:1035,1
DA:1036,2
DA:1040,2
DA:1041,2
DA:1044,2
DA:1045,2
DA:1048,4
DA:1049,1
DA:1050,2
DA:1054,6
DA:1056,2
DA:1057,4
DA:1058,3
DA:1059,4
DA:1060,4
DA:1064,14
DA:1068,10
DA:1070,2
DA:1071,4
DA:1077,7
DA:1078,3
DA:1079,3
DA:1081,1
DA:1082,1
DA:1088,2
DA:1091,0
DA:1092,0
LF:520
LH:341
end_of_record
SF:lib/linear_gauge/linear_gauge.dart
DA:23,3
DA:42,6
DA:44,3
DA:45,6
DA:46,4
DA:47,2
DA:51,1
DA:56,2
DA:57,2
DA:58,0
DA:62,0
DA:69,3
DA:70,3
DA:330,2
DA:331,2
DA:338,2
DA:340,2
DA:341,2
DA:342,2
DA:343,6
DA:344,4
DA:345,4
DA:347,4
DA:350,2
DA:352,4
DA:353,0
DA:354,0
DA:355,0
DA:356,0
DA:357,0
DA:358,0
DA:362,2
DA:363,2
DA:367,2
DA:369,4
DA:370,2
DA:378,2
DA:380,2
DA:382,2
DA:383,4
DA:384,4
DA:385,4
DA:386,4
DA:387,4
DA:388,6
DA:389,6
DA:390,6
DA:391,6
DA:392,4
DA:393,6
DA:394,6
DA:395,4
DA:396,6
DA:398,6
DA:400,6
DA:401,6
DA:402,6
DA:403,6
DA:404,6
DA:405,6
DA:406,6
DA:407,4
DA:408,4
DA:409,4
DA:410,4
DA:411,6
DA:412,4
DA:413,4
DA:414,6
DA:415,4
DA:416,2
DA:417,6
DA:418,4
DA:421,1
DA:425,3
DA:426,3
DA:427,3
DA:428,4
DA:429,4
DA:430,4
DA:431,4
DA:432,4
DA:433,4
DA:434,3
DA:435,3
DA:436,3
DA:437,3
DA:438,4
DA:439,4
DA:440,1
DA:441,3
DA:442,1
DA:443,3
DA:444,4
DA:445,4
DA:446,4
DA:447,4
DA:448,4
DA:449,3
DA:450,3
DA:451,3
DA:452,4
DA:453,3
DA:454,3
DA:455,4
DA:456,3
DA:457,2
DA:458,4
DA:459,3
LF:109
LH:101
end_of_record
SF:lib/linear_gauge/styles/linear_gauge_container_style.dart
DA:9,4
LF:1
LH:1
end_of_record
SF:lib/linear_gauge/styles/linear_gauge_ruler_style.dart
DA:5,3
LF:1
LH:1
end_of_record
SF:lib/linear_gauge/pointers/linear_gauge_pointer.dart
DA:29,5
DA:162,2
DA:165,1
DA:173,2
DA:174,2
DA:175,2
DA:176,2
DA:177,0
DA:178,0
DA:181,2
DA:182,2
DA:183,2
DA:184,0
DA:185,0
DA:189,1
DA:190,1
DA:191,1
DA:192,2
DA:193,1
DA:194,1
DA:197,1
DA:200,5
DA:201,5
DA:203,3
DA:206,5
DA:207,4
DA:210,1
DA:212,1
DA:214,1
DA:215,1
DA:217,1
DA:218,1
DA:220,1
DA:221,1
DA:227,1
DA:228,1
DA:234,1
DA:235,1
DA:238,1
DA:246,1
DA:253,1
DA:254,1
DA:256,1
DA:261,2
DA:263,3
DA:264,1
DA:266,1
DA:267,2
DA:268,0
DA:269,0
DA:270,0
DA:271,0
DA:273,0
DA:274,0
DA:277,0
DA:280,0
DA:281,0
DA:282,0
DA:284,0
DA:285,0
DA:288,0
DA:292,0
DA:293,0
DA:295,0
DA:297,0
DA:298,0
DA:299,0
DA:300,0
DA:301,0
DA:306,0
DA:308,0
DA:309,0
DA:312,0
DA:313,0
DA:316,0
DA:317,0
DA:320,0
DA:321,0
DA:328,2
DA:329,2
DA:331,1
DA:332,1
DA:333,1
DA:335,0
DA:336,3
DA:337,5
DA:339,0
DA:341,0
DA:343,0
DA:344,0
DA:345,0
DA:346,0
DA:347,0
DA:349,0
DA:351,0
DA:353,0
DA:354,0
DA:360,1
DA:361,1
DA:362,1
DA:363,3
DA:364,1
DA:365,3
DA:366,3
DA:367,5
DA:368,1
DA:369,1
DA:373,1
DA:378,1
DA:379,1
DA:380,1
DA:382,1
DA:383,1
DA:384,7
DA:385,1
DA:387,1
DA:388,6
DA:389,1
DA:391,1
DA:393,1
DA:394,5
DA:395,5
DA:396,1
DA:398,1
DA:399,6
DA:400,1
DA:402,1
DA:403,7
DA:404,1
DA:411,1
DA:412,3
DA:413,3
DA:414,2
DA:415,3
DA:419,1
DA:421,1
DA:422,1
DA:423,1
DA:424,1
DA:425,1
DA:426,7
DA:427,1
DA:429,1
DA:430,6
DA:431,1
DA:433,1
DA:434,1
DA:435,5
DA:436,5
DA:437,1
DA:439,1
DA:440,6
DA:441,1
DA:443,1
DA:444,7
DA:445,1
DA:452,1
DA:453,3
DA:454,3
DA:455,3
DA:457,1
DA:461,1
DA:463,1
DA:464,1
DA:465,1
DA:467,1
DA:468,1
DA:469,4
DA:470,1
DA:472,1
DA:473,3
DA:474,1
DA:476,1
DA:477,1
DA:478,8
DA:479,8
DA:481,1
DA:482,1
DA:484,1
DA:485,1
DA:487,1
DA:488,4
DA:489,1
DA:496,1
DA:500,1
DA:502,1
DA:503,2
DA:504,2
DA:509,1
DA:510,2
DA:511,5
DA:512,5
DA:513,1
DA:515,1
DA:517,2
DA:518,3
DA:519,5
DA:520,1
DA:522,1
DA:526,1
DA:531,1
DA:532,1
DA:533,1
DA:534,1
DA:535,1
DA:536,7
DA:537,1
DA:539,1
DA:540,6
DA:541,1
DA:543,1
DA:544,1
DA:545,5
DA:546,5
DA:548,1
DA:550,1
DA:551,6
DA:552,1
DA:554,1
DA:555,7
DA:556,1
DA:578,1
DA:584,1
DA:586,1
DA:587,2
DA:588,1
DA:590,1
DA:591,5
DA:592,5
DA:593,5
DA:594,5
DA:595,1
DA:597,1
DA:601,0
DA:606,0
DA:607,0
DA:608,0
DA:609,0
DA:610,0
DA:611,0
DA:612,0
DA:613,0
DA:615,0
DA:616,0
DA:619,0
DA:620,0
DA:621,0
DA:622,0
DA:623,0
DA:624,0
DA:626,0
DA:627,0
DA:628,0
DA:629,0
DA:631,0
DA:634,1
DA:635,1
DA:636,1
DA:638,0
DA:640,0
DA:642,0
LF:261
LH:190
end_of_record
SF:lib/linear_gauge/range_linear_gauge/range_linear_gauge.dart
DA:16,0
LF:1
LH:0
end_of_record
SF:lib/linear_gauge/custom_label/custom_ruler_label.dart
DA:17,0
LF:1
LH:0
end_of_record
SF:lib/linear_gauge/value_bar/value_bar.dart
DA:25,0
DA:103,0
DA:105,0
DA:109,0
DA:111,0
DA:112,0
DA:116,0
DA:119,0
DA:121,0
DA:122,0
DA:125,0
DA:126,0
DA:127,0
DA:128,0
DA:131,0
DA:134,0
DA:135,0
DA:139,0
DA:140,0
DA:141,0
DA:148,0
DA:149,0
DA:150,0
DA:152,0
DA:154,0
DA:162,0
DA:166,0
DA:169,0
DA:171,0
DA:172,0
DA:173,0
DA:174,0
DA:175,0
DA:176,0
DA:177,0
DA:178,0
LF:36
LH:0
end_of_record
SF:lib/linear_gauge/linear_gauge_label.dart
DA:8,2
DA:14,4
DA:18,2
DA:23,4
DA:25,4
DA:26,8
DA:30,10
DA:31,4
DA:32,0
DA:36,0
DA:39,0
DA:41,0
DA:42,0
DA:43,0
DA:50,2
DA:63,4
DA:66,2
DA:68,2
DA:69,2
DA:70,6
DA:71,4
DA:74,2
DA:75,4
DA:76,6
DA:77,4
DA:81,1
DA:82,3
DA:83,2
DA:86,1
DA:87,2
DA:88,3
DA:89,2
DA:104,0
DA:106,0
DA:107,0
DA:108,0
DA:109,0
DA:112,0
DA:113,0
DA:114,0
DA:116,0
DA:119,0
DA:120,0
DA:121,0
DA:124,0
DA:125,0
DA:126,0
DA:128,0
DA:131,0
DA:132,0
DA:133,0
DA:137,0
DA:138,0
DA:140,0
DA:141,0
DA:142,0
DA:143,0
DA:146,0
DA:147,0
DA:148,0
DA:154,8
DA:155,16
DA:156,12
DA:157,16
DA:158,12
DA:160,2
DA:161,14
DA:162,2
DA:163,2
DA:166,7
DA:167,1
DA:168,1
DA:183,2
DA:194,4
DA:195,4
DA:196,2
DA:199,4
DA:200,6
DA:201,2
DA:202,6
DA:204,6
DA:205,12
DA:206,8
DA:207,12
DA:208,8
DA:210,4
DA:215,2
DA:217,0
DA:220,0
DA:222,2
DA:223,1
DA:226,1
DA:227,5
DA:229,3
DA:233,1
DA:234,5
DA:236,3
DA:239,1
DA:242,2
DA:244,3
DA:247,0
DA:250,0
DA:252,0
DA:255,0
DA:258,0
DA:260,0
DA:265,2
DA:266,4
DA:267,0
DA:268,0
DA:269,0
DA:270,0
DA:271,0
DA:275,0
DA:279,2
DA:283,2
DA:288,2
DA:289,2
DA:290,4
DA:291,4
DA:293,10
DA:296,4
DA:298,4
LF:123
LH:75
end_of_record
